0 info it worked if it ends with ok
1 verbose cli [ '/usr/bin/node', '/usr/bin/npm', 'run', 'ltest' ]
2 info using npm@3.5.2
3 info using node@v6.11.4
4 verbose run-script [ 'preltest', 'ltest', 'postltest' ]
5 info lifecycle SharedServerPicApp@1.0.0~preltest: SharedServerPicApp@1.0.0
6 silly lifecycle SharedServerPicApp@1.0.0~preltest: no script for preltest, continuing
7 info lifecycle SharedServerPicApp@1.0.0~ltest: SharedServerPicApp@1.0.0
8 verbose lifecycle SharedServerPicApp@1.0.0~ltest: unsafe-perm in lifecycle true
9 verbose lifecycle SharedServerPicApp@1.0.0~ltest: PATH: /usr/share/npm/bin/node-gyp-bin:/home/marc/Documents/Taller 2/SharedServerPicApp/node_modules/.bin:/usr/local/sbin:/usr/local/bin:/usr/sbin:/usr/bin:/sbin:/bin:/usr/games:/usr/local/games:/snap/bin:/usr/lib/jvm/java-8-oracle/bin:/usr/lib/jvm/java-8-oracle/db/bin:/usr/lib/jvm/java-8-oracle/jre/bin
10 verbose lifecycle SharedServerPicApp@1.0.0~ltest: CWD: /home/marc/Documents/Taller 2/SharedServerPicApp
11 silly lifecycle SharedServerPicApp@1.0.0~ltest: Args: [ '-c', 'export NODE_ENV=test && npm run uTest' ]
12 silly lifecycle SharedServerPicApp@1.0.0~ltest: Returned: code: 1  signal: null
13 info lifecycle SharedServerPicApp@1.0.0~ltest: Failed to exec ltest script
14 verbose stack Error: SharedServerPicApp@1.0.0 ltest: `export NODE_ENV=test && npm run uTest`
14 verbose stack Exit status 1
14 verbose stack     at EventEmitter.<anonymous> (/usr/share/npm/lib/utils/lifecycle.js:232:16)
14 verbose stack     at emitTwo (events.js:106:13)
14 verbose stack     at EventEmitter.emit (events.js:191:7)
14 verbose stack     at ChildProcess.<anonymous> (/usr/share/npm/lib/utils/spawn.js:24:14)
14 verbose stack     at emitTwo (events.js:106:13)
14 verbose stack     at ChildProcess.emit (events.js:191:7)
14 verbose stack     at maybeClose (internal/child_process.js:920:16)
14 verbose stack     at Process.ChildProcess._handle.onexit (internal/child_process.js:230:5)
15 verbose pkgid SharedServerPicApp@1.0.0
16 verbose cwd /home/marc/Documents/Taller 2/SharedServerPicApp
17 error Linux 4.13.0-38-generic
18 error argv "/usr/bin/node" "/usr/bin/npm" "run" "ltest"
19 error node v6.11.4
20 error npm  v3.5.2
21 error code ELIFECYCLE
22 error SharedServerPicApp@1.0.0 ltest: `export NODE_ENV=test && npm run uTest`
22 error Exit status 1
23 error Failed at the SharedServerPicApp@1.0.0 ltest script 'export NODE_ENV=test && npm run uTest'.
23 error Make sure you have the latest version of node.js and npm installed.
23 error If you do, this is most likely a problem with the SharedServerPicApp package,
23 error not with npm itself.
23 error Tell the author that this fails on your system:
23 error     export NODE_ENV=test && npm run uTest
23 error You can get information on how to open an issue for this project with:
23 error     npm bugs SharedServerPicApp
23 error Or if that isn't available, you can get their info via:
23 error     npm owner ls SharedServerPicApp
23 error There is likely additional logging output above.
24 verbose exit [ 1, true ]
